Using pre-set license
Built from '2021.2/staging' branch; Version is '2021.2.19f1 (602ecdbb2fb0) revision 6303437'; Using compiler version '192829333'; Build Type 'Release'
OS: 'Windows 10  (10.0.19044) 64bit CoreSingleLanguage' Language: 'en' Physical Memory: 16227 MB
BatchMode: 1, IsHumanControllingUs: 0, StartBugReporterOnCrash: 0, Is64bit: 1, IsPro: 1

COMMAND LINE ARGUMENTS:
C:\Users\git6f\Documents\Unity\2021.2.19f1\Editor\Unity.exe
-adb2
-batchMode
-noUpm
-name
AssetImportWorker2
-projectPath
C:/Users/git6f/rumble
-logFile
Logs/AssetImportWorker2.log
-srvPort
57628
Successfully changed project path to: C:/Users/git6f/rumble
C:/Users/git6f/rumble
[UnityMemory] Configuration Parameters - Can be set up in boot.config
    "memorysetup-bucket-allocator-granularity=16"
    "memorysetup-bucket-allocator-bucket-count=8"
    "memorysetup-bucket-allocator-block-size=33554432"
    "memorysetup-bucket-allocator-block-count=8"
    "memorysetup-main-allocator-block-size=16777216"
    "memorysetup-thread-allocator-block-size=16777216"
    "memorysetup-gfx-main-allocator-block-size=16777216"
    "memorysetup-gfx-thread-allocator-block-size=16777216"
    "memorysetup-cache-allocator-block-size=4194304"
    "memorysetup-typetree-allocator-block-size=2097152"
    "memorysetup-profiler-bucket-allocator-granularity=16"
    "memorysetup-profiler-bucket-allocator-bucket-count=8"
    "memorysetup-profiler-bucket-allocator-block-size=33554432"
    "memorysetup-profiler-bucket-allocator-block-count=8"
    "memorysetup-profiler-allocator-block-size=16777216"
    "memorysetup-profiler-editor-allocator-block-size=1048576"
    "memorysetup-temp-allocator-size-main=16777216"
    "memorysetup-job-temp-allocator-block-size=2097152"
    "memorysetup-job-temp-allocator-block-size-background=1048576"
    "memorysetup-job-temp-allocator-reduction-small-platforms=262144"
    "memorysetup-temp-allocator-size-background-worker=32768"
    "memorysetup-temp-allocator-size-job-worker=262144"
    "memorysetup-temp-allocator-size-preload-manager=33554432"
    "memorysetup-temp-allocator-size-nav-mesh-worker=65536"
    "memorysetup-temp-allocator-size-audio-worker=65536"
    "memorysetup-temp-allocator-size-cloud-worker=32768"
    "memorysetup-temp-allocator-size-gi-baking-worker=262144"
    "memorysetup-temp-allocator-size-gfx=262144"
Refreshing native plugins compatible for Editor in 148.33 ms, found 3 plugins.
Preloading 0 native plugins for Editor in 0.00 ms.
Initialize engine version: 2021.2.19f1 (602ecdbb2fb0)
[Subsystems] Discovering subsystems at path C:/Users/git6f/Documents/Unity/2021.2.19f1/Editor/Data/Resources/UnitySubsystems
[Subsystems] Discovering subsystems at path C:/Users/git6f/rumble/Assets
GfxDevice: creating device client; threaded=0; jobified=0
Direct3D:
    Version:  Direct3D 11.0 [level 11.1]
    Renderer: NVIDIA GeForce RTX 2070 (ID=0x1f10)
    Vendor:   NVIDIA
    VRAM:     8031 MB
    Driver:   25.21.14.2531
Initialize mono
Mono path[0] = 'C:/Users/git6f/Documents/Unity/2021.2.19f1/Editor/Data/Managed'
Mono path[1] = 'C:/Users/git6f/Documents/Unity/2021.2.19f1/Editor/Data/MonoBleedingEdge/lib/mono/unityjit-win32'
Mono config path = 'C:/Users/git6f/Documents/Unity/2021.2.19f1/Editor/Data/MonoBleedingEdge/etc'
Using monoOptions --debugger-agent=transport=dt_socket,embedding=1,server=y,suspend=n,address=127.0.0.1:56012
Begin MonoManager ReloadAssembly
Registering precompiled unity dll's ...
Register platform support module: C:/Users/git6f/Documents/Unity/2021.2.19f1/Editor/Data/PlaybackEngines/WebGLSupport/UnityEditor.WebGL.Extensions.dll
Register platform support module: C:/Users/git6f/Documents/Unity/2021.2.19f1/Editor/Data/PlaybackEngines/MacStandaloneSupport/UnityEditor.OSXStandalone.Extensions.dll
Register platform support module: C:/Users/git6f/Documents/Unity/2021.2.19f1/Editor/Data/PlaybackEngines/AndroidPlayer/UnityEditor.Android.Extensions.dll
Register platform support module: C:/Users/git6f/Documents/Unity/2021.2.19f1/Editor/Data/PlaybackEngines/iOSSupport/UnityEditor.iOS.Extensions.dll
Register platform support module: C:/Users/git6f/Documents/Unity/2021.2.19f1/Editor/Data/PlaybackEngines/WindowsStandaloneSupport/UnityEditor.WindowsStandalone.Extensions.dll
Register platform support module: C:/Users/git6f/Documents/Unity/2021.2.19f1/Editor/Data/PlaybackEngines/MetroSupport/UnityEditor.UWP.Extensions.dll
Registered in 0.014903 seconds.
Native extension for UWP target not found
Native extension for WindowsStandalone target not found
[usbmuxd] Start listen thread
[usbmuxd] Listen thread started
Native extension for iOS target not found
Native extension for Android target not found
Native extension for OSXStandalone target not found
Native extension for WebGL target not found
Refreshing native plugins compatible for Editor in 106.82 ms, found 3 plugins.
Preloading 0 native plugins for Editor in 0.00 ms.
Mono: successfully reloaded assembly
- Completed reload, in  1.050 seconds
Domain Reload Profiling:
	ReloadAssembly (1050ms)
		BeginReloadAssembly (144ms)
			ExecutionOrderSort (0ms)
			DisableScriptedObjects (0ms)
			BackupInstance (0ms)
			ReleaseScriptingObjects (0ms)
			CreateAndSetChildDomain (1ms)
		EndReloadAssembly (740ms)
			LoadAssemblies (146ms)
			RebuildTransferFunctionScriptingTraits (0ms)
			SetupTypeCache (197ms)
			ReleaseScriptCaches (0ms)
			RebuildScriptCaches (35ms)
			SetupLoadedEditorAssemblies (428ms)
				LogAssemblyErrors (0ms)
				InitializePlatformSupportModulesInManaged (99ms)
				SetLoadedEditorAssemblies (0ms)
				RefreshPlugins (107ms)
				BeforeProcessingInitializeOnLoad (2ms)
				ProcessInitializeOnLoadAttributes (146ms)
				ProcessInitializeOnLoadMethodAttributes (75ms)
				AfterProcessingInitializeOnLoad (0ms)
				EditorAssembliesLoaded (0ms)
			ExecutionOrderSort2 (0ms)
			AwakeInstancesAfterBackupRestoration (0ms)
Platform modules already initialized, skipping
Registering precompiled user dll's ...
Registered in 0.012124 seconds.
Begin MonoManager ReloadAssembly
Symbol file LoadedFromMemory is not a mono symbol file
Native extension for UWP target not found
Native extension for WindowsStandalone target not found
Native extension for iOS target not found
Native extension for Android target not found
Native extension for OSXStandalone target not found
Native extension for WebGL target not found
Refreshing native plugins compatible for Editor in 105.76 ms, found 3 plugins.
Preloading 0 native plugins for Editor in 0.00 ms.
Package Manager log level set to [2]
Mono: successfully reloaded assembly
- Completed reload, in  1.654 seconds
Domain Reload Profiling:
	ReloadAssembly (1655ms)
		BeginReloadAssembly (131ms)
			ExecutionOrderSort (0ms)
			DisableScriptedObjects (6ms)
			BackupInstance (0ms)
			ReleaseScriptingObjects (0ms)
			CreateAndSetChildDomain (24ms)
		EndReloadAssembly (1392ms)
			LoadAssemblies (142ms)
			RebuildTransferFunctionScriptingTraits (0ms)
			SetupTypeCache (317ms)
			ReleaseScriptCaches (1ms)
			RebuildScriptCaches (99ms)
			SetupLoadedEditorAssemblies (780ms)
				LogAssemblyErrors (0ms)
				InitializePlatformSupportModulesInManaged (39ms)
				SetLoadedEditorAssemblies (0ms)
				RefreshPlugins (106ms)
				BeforeProcessingInitializeOnLoad (144ms)
				ProcessInitializeOnLoadAttributes (268ms)
				ProcessInitializeOnLoadMethodAttributes (211ms)
				AfterProcessingInitializeOnLoad (11ms)
				EditorAssembliesLoaded (0ms)
			ExecutionOrderSort2 (0ms)
			AwakeInstancesAfterBackupRestoration (9ms)
Platform modules already initialized, skipping
========================================================================
Worker process is ready to serve import requests
Launched and connected shader compiler UnityShaderCompiler.exe after 0.08 seconds
Refreshing native plugins compatible for Editor in 1.16 ms, found 3 plugins.
Preloading 0 native plugins for Editor in 0.00 ms.
Unloading 5222 Unused Serialized files (Serialized files now loaded: 0)
Unloading 73 unused Assets / (1.4 MB). Loaded Objects now: 5665.
Memory consumption went from 215.9 MB to 214.4 MB.
Total: 8.311400 ms (FindLiveObjects: 0.437300 ms CreateObjectMapping: 0.405800 ms MarkObjects: 6.993200 ms  DeleteObjects: 0.473800 ms)

AssetImportParameters requested are different than current active one (requested -> active):
  custom:video-decoder-ogg-theora: a1e56fd34408186e4bbccfd4996cb3dc -> 
  custom:container-muxer-webm: aa71ff27fc2769a1b78a27578f13a17b -> 
  custom:container-demuxer-webm: 4f35f7cbe854078d1ac9338744f61a02 -> 
  custom:video-encoder-webm-vp8: eb34c28f22e8b96e1ab97ce403110664 -> 
  custom:audio-encoder-webm-vorbis: bf7c407c2cedff20999df2af8eb42d56 -> 
  custom:framework-win-MediaFoundation: 216162199b28c13a410421893ffa2e32 -> 
  custom:container-demuxer-ogg: 62fdf1f143b41e24485cea50d1cbac27 -> 
  custom:video-decoder-webm-vp8: 9c59270c3fd7afecdb556c50c9e8de78 -> 
  custom:audio-decoder-ogg-vorbis: bf7c407c2cedff20999df2af8eb42d56 -> 
========================================================================
Received Import Request.
  Time since last request: 402711.334688 seconds.
  path: Assets/Game/World/Obstacles/Orbs/Orb.png
  artifactKey: Guid(5c26467b5a99f7045ae9bb3f726bd52f) Importer(815301076,1909f56bfc062723c751e8b465ee728b)
Start importing Assets/Game/World/Obstacles/Orbs/Orb.png using Guid(5c26467b5a99f7045ae9bb3f726bd52f) Importer(815301076,1909f56bfc062723c751e8b465ee728b)  -> (artifact id: '955c9aea364579fa5604b43380bd17e7') in 0.171687 seconds 
========================================================================
Received Import Request.
  Time since last request: 0.530305 seconds.
  path: Assets/Game/Player/Splices/Player Idle.png
  artifactKey: Guid(b51546be346b95443beadff96d8533c7) Importer(815301076,1909f56bfc062723c751e8b465ee728b)
Start importing Assets/Game/Player/Splices/Player Idle.png using Guid(b51546be346b95443beadff96d8533c7) Importer(815301076,1909f56bfc062723c751e8b465ee728b)  -> (artifact id: 'd1d0ae4e026aee80668cf2499cf2cdb6') in 0.031216 seconds 
========================================================================
Received Import Request.
  Time since last request: 0.022433 seconds.
  path: Assets/Game/Player/Splices/Player Predash.png
  artifactKey: Guid(6023689ab1d7e0a4b9b6f537a2c8af11) Importer(815301076,1909f56bfc062723c751e8b465ee728b)
Start importing Assets/Game/Player/Splices/Player Predash.png using Guid(6023689ab1d7e0a4b9b6f537a2c8af11) Importer(815301076,1909f56bfc062723c751e8b465ee728b)  -> (artifact id: 'cfe28c4ce804a448a7f0af36e9b2f207') in 0.034247 seconds 
========================================================================
Received Import Request.
  Time since last request: 11.983057 seconds.
  path: Assets/Scripts/Renderer/ShaderGraphs/RadialBlendSubGraph.shadersubgraph
  artifactKey: Guid(bd05d6ba268914446aca31700e052b46) Importer(815301076,1909f56bfc062723c751e8b465ee728b)
Start importing Assets/Scripts/Renderer/ShaderGraphs/RadialBlendSubGraph.shadersubgraph using Guid(bd05d6ba268914446aca31700e052b46) Importer(815301076,1909f56bfc062723c751e8b465ee728b)  -> (artifact id: '7918130d84cc7095f2c1d1da0d5c0441') in 0.009297 seconds 
========================================================================
Received Import Request.
  Time since last request: 32.775491 seconds.
  path: Assets/Scripts/Renderer/ShaderGraphs/RadialRGBCYM Graph.shadergraph
  artifactKey: Guid(d3e572e4799a37848b06f0a139bc83e1) Importer(815301076,1909f56bfc062723c751e8b465ee728b)
Start importing Assets/Scripts/Renderer/ShaderGraphs/RadialRGBCYM Graph.shadergraph using Guid(d3e572e4799a37848b06f0a139bc83e1) Importer(815301076,1909f56bfc062723c751e8b465ee728b)  -> (artifact id: 'af3d6d40eb10f193a422dc3e04a227e9') in 0.009846 seconds 
========================================================================
Received Import Request.
  Time since last request: 68.062161 seconds.
  path: Assets/Scripts/Renderer/ShaderGraphs/RadialRGBCYM Graph.shadergraph
  artifactKey: Guid(d3e572e4799a37848b06f0a139bc83e1) Importer(815301076,1909f56bfc062723c751e8b465ee728b)
Start importing Assets/Scripts/Renderer/ShaderGraphs/RadialRGBCYM Graph.shadergraph using Guid(d3e572e4799a37848b06f0a139bc83e1) Importer(815301076,1909f56bfc062723c751e8b465ee728b)  -> (artifact id: 'dc28d55a944ec7581568fd7350faa72a') in 0.003829 seconds 
========================================================================
Received Import Request.
  Time since last request: 76.051061 seconds.
  path: Assets/Scripts/Renderer/ShaderGraphs/RadialBlendSubGraph.shadersubgraph
  artifactKey: Guid(bd05d6ba268914446aca31700e052b46) Importer(815301076,1909f56bfc062723c751e8b465ee728b)
Start importing Assets/Scripts/Renderer/ShaderGraphs/RadialBlendSubGraph.shadersubgraph using Guid(bd05d6ba268914446aca31700e052b46) Importer(815301076,1909f56bfc062723c751e8b465ee728b)  -> (artifact id: '54e710d53d98372fb794fe3613248f65') in 0.002803 seconds 
========================================================================
Received Import Request.
  Time since last request: 8.995158 seconds.
  path: Assets/Scripts/Renderer/ShaderGraphs/RadialRGBCYM Graph.shadergraph
  artifactKey: Guid(d3e572e4799a37848b06f0a139bc83e1) Importer(815301076,1909f56bfc062723c751e8b465ee728b)
Start importing Assets/Scripts/Renderer/ShaderGraphs/RadialRGBCYM Graph.shadergraph using Guid(d3e572e4799a37848b06f0a139bc83e1) Importer(815301076,1909f56bfc062723c751e8b465ee728b)  -> (artifact id: '55eefc2f17e6ffe6c4a1f85072663545') in 0.004226 seconds 
========================================================================
Received Import Request.
  Time since last request: 20.709716 seconds.
  path: Assets/Scripts/Renderer/ShaderGraphs/RadialRGBCYM Graph.shadergraph
  artifactKey: Guid(d3e572e4799a37848b06f0a139bc83e1) Importer(815301076,1909f56bfc062723c751e8b465ee728b)
Start importing Assets/Scripts/Renderer/ShaderGraphs/RadialRGBCYM Graph.shadergraph using Guid(d3e572e4799a37848b06f0a139bc83e1) Importer(815301076,1909f56bfc062723c751e8b465ee728b)  -> (artifact id: 'c51df461bec417d8ff2fde876b331e1a') in 0.004382 seconds 
========================================================================
Received Import Request.
  Time since last request: 71.257566 seconds.
  path: Assets/Scripts/Renderer/ShaderGraphs/RadialBlendSubGraph.shadersubgraph
  artifactKey: Guid(bd05d6ba268914446aca31700e052b46) Importer(815301076,1909f56bfc062723c751e8b465ee728b)
Start importing Assets/Scripts/Renderer/ShaderGraphs/RadialBlendSubGraph.shadersubgraph using Guid(bd05d6ba268914446aca31700e052b46) Importer(815301076,1909f56bfc062723c751e8b465ee728b)  -> (artifact id: 'ac613fe4c4933c894e405e303782eb37') in 0.003383 seconds 
========================================================================
Received Import Request.
  Time since last request: 6.106135 seconds.
  path: Assets/Scripts/Renderer/ShaderGraphs/RadialRGBCYM Graph.shadergraph
  artifactKey: Guid(d3e572e4799a37848b06f0a139bc83e1) Importer(815301076,1909f56bfc062723c751e8b465ee728b)
Start importing Assets/Scripts/Renderer/ShaderGraphs/RadialRGBCYM Graph.shadergraph using Guid(d3e572e4799a37848b06f0a139bc83e1) Importer(815301076,1909f56bfc062723c751e8b465ee728b)  -> (artifact id: 'cc0b0a8ca3120f543b805d771083a44c') in 0.004349 seconds 
========================================================================
Received Import Request.
  Time since last request: 23.836129 seconds.
  path: Assets/Scripts/Renderer/ShaderGraphs/RadialRGBCYM Graph.shadergraph
  artifactKey: Guid(d3e572e4799a37848b06f0a139bc83e1) Importer(815301076,1909f56bfc062723c751e8b465ee728b)
Start importing Assets/Scripts/Renderer/ShaderGraphs/RadialRGBCYM Graph.shadergraph using Guid(d3e572e4799a37848b06f0a139bc83e1) Importer(815301076,1909f56bfc062723c751e8b465ee728b)  -> (artifact id: '5974edb9857d78ae0eb1bba37cc7607a') in 0.003856 seconds 
========================================================================
Received Import Request.
  Time since last request: 233.151576 seconds.
  path: Assets/Scripts/Renderer/ShaderGraphs/RGBCYMSubGraph.shadersubgraph
  artifactKey: Guid(b71d399db6a639549b7dbc09f63648dd) Importer(815301076,1909f56bfc062723c751e8b465ee728b)
Start importing Assets/Scripts/Renderer/ShaderGraphs/RGBCYMSubGraph.shadersubgraph using Guid(b71d399db6a639549b7dbc09f63648dd) Importer(815301076,1909f56bfc062723c751e8b465ee728b)  -> (artifact id: 'e8eb3265f1c165d17aec2f735459c8bc') in 0.007067 seconds 
========================================================================
Received Import Request.
  Time since last request: 306.319913 seconds.
  path: Assets/Scripts/Renderer/ShaderGraphs/RadialRGBCYM Graph.shadergraph
  artifactKey: Guid(d3e572e4799a37848b06f0a139bc83e1) Importer(815301076,1909f56bfc062723c751e8b465ee728b)
Start importing Assets/Scripts/Renderer/ShaderGraphs/RadialRGBCYM Graph.shadergraph using Guid(d3e572e4799a37848b06f0a139bc83e1) Importer(815301076,1909f56bfc062723c751e8b465ee728b)  -> (artifact id: '5b0fe69684632ff7c132c25190b4ad12') in 0.004487 seconds 
========================================================================
Received Import Request.
  Time since last request: 29.614147 seconds.
  path: Assets/Scripts/Renderer/ShaderGraphs/RadialBlendSubGraph.shadersubgraph
  artifactKey: Guid(bd05d6ba268914446aca31700e052b46) Importer(815301076,1909f56bfc062723c751e8b465ee728b)
Start importing Assets/Scripts/Renderer/ShaderGraphs/RadialBlendSubGraph.shadersubgraph using Guid(bd05d6ba268914446aca31700e052b46) Importer(815301076,1909f56bfc062723c751e8b465ee728b)  -> (artifact id: '687f9e8aee1f593d8bc67d58db0033bc') in 0.003316 seconds 
========================================================================
Received Import Request.
  Time since last request: 9.758769 seconds.
  path: Assets/Scripts/Renderer/ShaderGraphs/RadialRGBCYM Graph.shadergraph
  artifactKey: Guid(d3e572e4799a37848b06f0a139bc83e1) Importer(815301076,1909f56bfc062723c751e8b465ee728b)
Start importing Assets/Scripts/Renderer/ShaderGraphs/RadialRGBCYM Graph.shadergraph using Guid(d3e572e4799a37848b06f0a139bc83e1) Importer(815301076,1909f56bfc062723c751e8b465ee728b)  -> (artifact id: 'd5b5f61664889dbd9c3bdac8d04b6711') in 0.003613 seconds 
========================================================================
Received Import Request.
  Time since last request: 100.581813 seconds.
  path: Assets/Scripts/Renderer/ShaderGraphs/RadialRGBCYM Graph.shadergraph
  artifactKey: Guid(d3e572e4799a37848b06f0a139bc83e1) Importer(815301076,1909f56bfc062723c751e8b465ee728b)
Start importing Assets/Scripts/Renderer/ShaderGraphs/RadialRGBCYM Graph.shadergraph using Guid(d3e572e4799a37848b06f0a139bc83e1) Importer(815301076,1909f56bfc062723c751e8b465ee728b)  -> (artifact id: 'afa7d57c532a27f39aece11bb1f3b4e0') in 0.003557 seconds 
========================================================================
Received Import Request.
  Time since last request: 68.607738 seconds.
  path: Assets/Scripts/Renderer/ShaderGraphs/Radial Blend Color Swap Material.mat
  artifactKey: Guid(2a7702dab53f4ad439fba34359027cc8) Importer(815301076,1909f56bfc062723c751e8b465ee728b)
Start importing Assets/Scripts/Renderer/ShaderGraphs/Radial Blend Color Swap Material.mat using Guid(2a7702dab53f4ad439fba34359027cc8) Importer(815301076,1909f56bfc062723c751e8b465ee728b)  -> (artifact id: '0dfdc6e078deebdd78976dd60b60a43e') in 0.932474 seconds 
========================================================================
Received Import Request.
  Time since last request: 464.632320 seconds.
  path: Assets/Scripts/Renderer/ShaderGraphs/RadialRGBCYM Graph.shadergraph
  artifactKey: Guid(d3e572e4799a37848b06f0a139bc83e1) Importer(815301076,1909f56bfc062723c751e8b465ee728b)
Start importing Assets/Scripts/Renderer/ShaderGraphs/RadialRGBCYM Graph.shadergraph using Guid(d3e572e4799a37848b06f0a139bc83e1) Importer(815301076,1909f56bfc062723c751e8b465ee728b)  -> (artifact id: '15211aa89391cc1f2cad7c74178ebfa9') in 0.005057 seconds 
========================================================================
Received Import Request.
  Time since last request: 9.893871 seconds.
  path: Assets/Scripts/Renderer/ShaderGraphs/Radial Blend Graph.shadergraph
  artifactKey: Guid(9b602f9b20914204f8903a09e4ae830d) Importer(815301076,1909f56bfc062723c751e8b465ee728b)
Start importing Assets/Scripts/Renderer/ShaderGraphs/Radial Blend Graph.shadergraph using Guid(9b602f9b20914204f8903a09e4ae830d) Importer(815301076,1909f56bfc062723c751e8b465ee728b)  -> (artifact id: '011af6b01ca80d79a6a16640e9a71254') in 0.003087 seconds 
========================================================================
Received Import Request.
  Time since last request: 30.672567 seconds.
  path: Assets/Scripts/Renderer/ShaderGraphs/RadialRGBCYM Graph.shadergraph
  artifactKey: Guid(d3e572e4799a37848b06f0a139bc83e1) Importer(815301076,1909f56bfc062723c751e8b465ee728b)
Start importing Assets/Scripts/Renderer/ShaderGraphs/RadialRGBCYM Graph.shadergraph using Guid(d3e572e4799a37848b06f0a139bc83e1) Importer(815301076,1909f56bfc062723c751e8b465ee728b)  -> (artifact id: 'a7d664109e127ba2ffd71861ecbab830') in 0.003670 seconds 
========================================================================
Received Import Request.
  Time since last request: 82.909594 seconds.
  path: Assets/Scripts/Renderer/ShaderGraphs/RadialRGBCYM Graph.shadergraph
  artifactKey: Guid(d3e572e4799a37848b06f0a139bc83e1) Importer(815301076,1909f56bfc062723c751e8b465ee728b)
Start importing Assets/Scripts/Renderer/ShaderGraphs/RadialRGBCYM Graph.shadergraph using Guid(d3e572e4799a37848b06f0a139bc83e1) Importer(815301076,1909f56bfc062723c751e8b465ee728b)  -> (artifact id: '035d21c0d354645b6382e6623aa71ed2') in 0.004158 seconds 
========================================================================
Received Prepare
Registering precompiled user dll's ...
Registered in 0.010724 seconds.
Begin MonoManager ReloadAssembly
Symbol file LoadedFromMemory is not a mono symbol file
Native extension for UWP target not found
Native extension for WindowsStandalone target not found
Native extension for iOS target not found
Native extension for Android target not found
Native extension for OSXStandalone target not found
Native extension for WebGL target not found
Refreshing native plugins compatible for Editor in 3.05 ms, found 3 plugins.
Preloading 0 native plugins for Editor in 0.00 ms.
Mono: successfully reloaded assembly
- Completed reload, in  1.906 seconds
Domain Reload Profiling:
	ReloadAssembly (1907ms)
		BeginReloadAssembly (308ms)
			ExecutionOrderSort (0ms)
			DisableScriptedObjects (18ms)
			BackupInstance (0ms)
			ReleaseScriptingObjects (0ms)
			CreateAndSetChildDomain (161ms)
		EndReloadAssembly (1450ms)
			LoadAssemblies (152ms)
			RebuildTransferFunctionScriptingTraits (0ms)
			SetupTypeCache (347ms)
			ReleaseScriptCaches (3ms)
			RebuildScriptCaches (90ms)
			SetupLoadedEditorAssemblies (725ms)
				LogAssemblyErrors (0ms)
				InitializePlatformSupportModulesInManaged (70ms)
				SetLoadedEditorAssemblies (1ms)
				RefreshPlugins (3ms)
				BeforeProcessingInitializeOnLoad (139ms)
				ProcessInitializeOnLoadAttributes (277ms)
				ProcessInitializeOnLoadMethodAttributes (222ms)
				AfterProcessingInitializeOnLoad (12ms)
				EditorAssembliesLoaded (0ms)
			ExecutionOrderSort2 (0ms)
			AwakeInstancesAfterBackupRestoration (27ms)
Platform modules already initialized, skipping
Refreshing native plugins compatible for Editor in 8.19 ms, found 3 plugins.
Preloading 0 native plugins for Editor in 0.00 ms.
Unloading 5078 Unused Serialized files (Serialized files now loaded: 0)
Unloading 61 unused Assets / (1.4 MB). Loaded Objects now: 5762.
Memory consumption went from 213.0 MB to 211.6 MB.
Total: 10.809500 ms (FindLiveObjects: 0.561900 ms CreateObjectMapping: 0.663200 ms MarkObjects: 8.888200 ms  DeleteObjects: 0.694700 ms)

AssetImportParameters requested are different than current active one (requested -> active):
  custom:video-decoder-ogg-theora: a1e56fd34408186e4bbccfd4996cb3dc -> 
  custom:container-muxer-webm: aa71ff27fc2769a1b78a27578f13a17b -> 
  custom:container-demuxer-webm: 4f35f7cbe854078d1ac9338744f61a02 -> 
  custom:video-encoder-webm-vp8: eb34c28f22e8b96e1ab97ce403110664 -> 
  custom:audio-encoder-webm-vorbis: bf7c407c2cedff20999df2af8eb42d56 -> 
  custom:framework-win-MediaFoundation: 216162199b28c13a410421893ffa2e32 -> 
  custom:container-demuxer-ogg: 62fdf1f143b41e24485cea50d1cbac27 -> 
  custom:video-decoder-webm-vp8: 9c59270c3fd7afecdb556c50c9e8de78 -> 
  custom:audio-decoder-ogg-vorbis: bf7c407c2cedff20999df2af8eb42d56 -> 
========================================================================
Received Prepare
Registering precompiled user dll's ...
Registered in 0.011872 seconds.
Begin MonoManager ReloadAssembly
Symbol file LoadedFromMemory is not a mono symbol file
Native extension for UWP target not found
Native extension for WindowsStandalone target not found
Native extension for iOS target not found
Native extension for Android target not found
Native extension for OSXStandalone target not found
Native extension for WebGL target not found
Refreshing native plugins compatible for Editor in 1.78 ms, found 3 plugins.
Preloading 0 native plugins for Editor in 0.00 ms.
Mono: successfully reloaded assembly
- Completed reload, in  1.723 seconds
Domain Reload Profiling:
	ReloadAssembly (1724ms)
		BeginReloadAssembly (189ms)
			ExecutionOrderSort (0ms)
			DisableScriptedObjects (9ms)
			BackupInstance (0ms)
			ReleaseScriptingObjects (0ms)
			CreateAndSetChildDomain (58ms)
		EndReloadAssembly (1410ms)
			LoadAssemblies (148ms)
			RebuildTransferFunctionScriptingTraits (0ms)
			SetupTypeCache (357ms)
			ReleaseScriptCaches (2ms)
			RebuildScriptCaches (104ms)
			SetupLoadedEditorAssemblies (692ms)
				LogAssemblyErrors (0ms)
				InitializePlatformSupportModulesInManaged (51ms)
				SetLoadedEditorAssemblies (0ms)
				RefreshPlugins (2ms)
				BeforeProcessingInitializeOnLoad (125ms)
				ProcessInitializeOnLoadAttributes (282ms)
				ProcessInitializeOnLoadMethodAttributes (219ms)
				AfterProcessingInitializeOnLoad (13ms)
				EditorAssembliesLoaded (0ms)
			ExecutionOrderSort2 (0ms)
			AwakeInstancesAfterBackupRestoration (26ms)
Platform modules already initialized, skipping
Refreshing native plugins compatible for Editor in 9.28 ms, found 3 plugins.
Preloading 0 native plugins for Editor in 0.00 ms.
Unloading 5078 Unused Serialized files (Serialized files now loaded: 0)
Unloading 61 unused Assets / (1.4 MB). Loaded Objects now: 5765.
Memory consumption went from 213.0 MB to 211.5 MB.
Total: 9.739400 ms (FindLiveObjects: 0.574900 ms CreateObjectMapping: 0.723500 ms MarkObjects: 7.619000 ms  DeleteObjects: 0.819600 ms)

AssetImportParameters requested are different than current active one (requested -> active):
  custom:video-decoder-ogg-theora: a1e56fd34408186e4bbccfd4996cb3dc -> 
  custom:container-muxer-webm: aa71ff27fc2769a1b78a27578f13a17b -> 
  custom:container-demuxer-webm: 4f35f7cbe854078d1ac9338744f61a02 -> 
  custom:video-encoder-webm-vp8: eb34c28f22e8b96e1ab97ce403110664 -> 
  custom:audio-encoder-webm-vorbis: bf7c407c2cedff20999df2af8eb42d56 -> 
  custom:framework-win-MediaFoundation: 216162199b28c13a410421893ffa2e32 -> 
  custom:container-demuxer-ogg: 62fdf1f143b41e24485cea50d1cbac27 -> 
  custom:video-decoder-webm-vp8: 9c59270c3fd7afecdb556c50c9e8de78 -> 
  custom:audio-decoder-ogg-vorbis: bf7c407c2cedff20999df2af8eb42d56 -> 
